<?xml version="1.0" encoding="UTF-8"?>
<testng-results ignored="0" total="1" passed="1" failed="0" skipped="0">
  <reporter-output>
  </reporter-output>
  <suite started-at="2021-09-16T21:42:19 IST" name="Surefire suite" finished-at="2021-09-16T21:42:19 IST" duration-ms="37">
    <groups>
    </groups>
    <test started-at="2021-09-16T21:42:19 IST" name="Surefire test" finished-at="2021-09-16T21:42:19 IST" duration-ms="37">
      <class name="com.qa.tests.LoginTest">
        <test-method signature="test1()[pri:0, instance:com.qa.tests.LoginTest@78691363]" started-at="2021-09-16T21:42:19 IST" name="test1" finished-at="2021-09-16T21:42:19 IST" duration-ms="4" status="PASS">
          <reporter-output>
          </reporter-output>
        </test-method> <!-- test1 -->
      </class> <!-- com.qa.tests.LoginTest -->
    </test> <!-- Surefire test -->
  </suite> <!-- Surefire suite -->
</testng-results>
