<?xml version="1.0" encoding="UTF-8"?>
<testng-results ignored="0" total="1" passed="1" failed="0" skipped="0">
  <reporter-output>
  </reporter-output>
  <suite started-at="2021-09-20T20:29:34 IST" name="Default suite" finished-at="2021-09-20T20:29:34 IST" duration-ms="48">
    <groups>
    </groups>
    <test started-at="2021-09-20T20:29:34 IST" name="Default test" finished-at="2021-09-20T20:29:34 IST" duration-ms="48">
      <class name="com.qa.pages.AddingNewClass">
        <test-method signature="newclass()[pri:0, instance:com.qa.pages.AddingNewClass@31e5415e]" started-at="2021-09-20T20:29:34 IST" name="newclass" finished-at="2021-09-20T20:29:34 IST" duration-ms="11" status="PASS">
          <reporter-output>
          </reporter-output>
        </test-method> <!-- newclass -->
      </class> <!-- com.qa.pages.AddingNewClass -->
    </test> <!-- Default test -->
  </suite> <!-- Default suite -->
</testng-results>
